  compilation object save succeeded; see C:\Users\User\Documents\GitHub\Remade_3D_Project\x64\Debug\PS_Depth.cso
  compilation object save succeeded; see C:\Users\User\Documents\GitHub\Remade_3D_Project\x64\Debug\PS_D_Light.cso
C:\Users\User\Documents\GitHub\Remade_3D_Project\Remade_3D_Project\PS_D_LightMultipleLights.hlsl(89,20): warning X3078: 'i': loop control variable conflicts with a previous declaration in the outer scope; most recent declaration will be used
  
  compilation object save succeeded; see C:\Users\User\Documents\GitHub\Remade_3D_Project\x64\Debug\PS_D_LightMultipleLights.cso
  compilation object save succeeded; see C:\Users\User\Documents\GitHub\Remade_3D_Project\x64\Debug\PS_D_LightSplitScreen.cso
  compilation object save succeeded; see C:\Users\User\Documents\GitHub\Remade_3D_Project\x64\Debug\PS_D_SingleColor.cso
  compilation object save succeeded; see C:\Users\User\Documents\GitHub\Remade_3D_Project\x64\Debug\PS_D_Texture.cso
  compilation object save succeeded; see C:\Users\User\Documents\GitHub\Remade_3D_Project\x64\Debug\PS_HUD.cso
  compilation object save succeeded; see C:\Users\User\Documents\GitHub\Remade_3D_Project\x64\Debug\PS_Shadow.cso
  compilation object save succeeded; see C:\Users\User\Documents\GitHub\Remade_3D_Project\x64\Debug\PS_SingleColor.cso
  compilation object save succeeded; see C:\Users\User\Documents\GitHub\Remade_3D_Project\x64\Debug\PS_Texture.cso
  compilation object save succeeded; see C:\Users\User\Documents\GitHub\Remade_3D_Project\x64\Debug\VS_Depth.cso
  compilation object save succeeded; see C:\Users\User\Documents\GitHub\Remade_3D_Project\x64\Debug\VS_D_Light.cso
  compilation object save succeeded; see C:\Users\User\Documents\GitHub\Remade_3D_Project\x64\Debug\VS_D_LightMultipleLights.cso
  compilation object save succeeded; see C:\Users\User\Documents\GitHub\Remade_3D_Project\x64\Debug\VS_D_LightSplitScreen.cso
  compilation object save succeeded; see C:\Users\User\Documents\GitHub\Remade_3D_Project\x64\Debug\VS_D_SingleColor.cso
  compilation object save succeeded; see C:\Users\User\Documents\GitHub\Remade_3D_Project\x64\Debug\VS_D_Texture.cso
  compilation object save succeeded; see C:\Users\User\Documents\GitHub\Remade_3D_Project\x64\Debug\VS_HUD.cso
  compilation object save succeeded; see C:\Users\User\Documents\GitHub\Remade_3D_Project\x64\Debug\VS_Shadow.cso
  compilation object save succeeded; see C:\Users\User\Documents\GitHub\Remade_3D_Project\x64\Debug\VS_SingleColor.cso
  compilation object save succeeded; see C:\Users\User\Documents\GitHub\Remade_3D_Project\x64\Debug\VS_Texture.cso
  Window.cpp
  TextureShaderGroup.cpp
  TextureModel.cpp
c:\users\user\documents\github\remade_3d_project\remade_3d_project\texturemodel.cpp(102): warning C4267: '=': conversion from 'size_t' to 'unsigned int', possible loss of data
  TextureObject.cpp
  Texture.cpp
  Model.cpp
  Main.cpp
  Game.cpp
c:\users\user\documents\github\remade_3d_project\remade_3d_project\game.cpp(191): warning C4305: 'argument': truncation from 'double' to 'float'
c:\users\user\documents\github\remade_3d_project\remade_3d_project\game.cpp(195): warning C4305: 'argument': truncation from 'double' to 'float'
c:\users\user\documents\github\remade_3d_project\remade_3d_project\game.cpp(199): warning C4305: 'argument': truncation from 'double' to 'float'
c:\users\user\documents\github\remade_3d_project\remade_3d_project\game.cpp(203): warning C4305: 'argument': truncation from 'double' to 'float'
  Direct3D.cpp
  SingleColorModel.cpp
c:\users\user\documents\github\remade_3d_project\remade_3d_project\singlecolormodel.cpp(93): warning C4267: '=': conversion from 'size_t' to 'unsigned int', possible loss of data
  ShaderManager.cpp
  SingleColorObject.cpp
  Input.cpp
  DeferredLightShaderGroup.cpp
  SingleColorShaderGroup.cpp
  ShadowShaderGroup.cpp
  RenderTexture.cpp
  DeferredShadowShaderGroup.cpp
  DeferredScreenTarget.cpp
  PlayerCameraManager.cpp
c:\users\user\documents\github\remade_3d_project\remade_3d_project\playercameramanager.cpp(70): warning C4267: '=': conversion from 'size_t' to 'int', possible loss of data
c:\users\user\documents\github\remade_3d_project\remade_3d_project\playercameramanager.cpp(86): warning C4267: 'return': conversion from 'size_t' to 'unsigned int', possible loss of data
  Generating Code...
  Compiling...
  Object.cpp
  HUDShaderGroup.cpp
  DepthShaderGroup.cpp
  DeferredSingleColorShaderGroup.cpp
  DebugWindow.cpp
c:\users\user\documents\github\remade_3d_project\remade_3d_project\debugwindow.cpp(26): warning C4101: 'vertexBufferSize': unreferenced local variable
  Camera.cpp
  Buffers.cpp
  HUDObject.cpp
  DeferredTextureShaderGroup.cpp
  DeferredLightSplitScreenShaderGroup.cpp
  DeferredLightMultipleLightsShaderGroup.cpp
  Generating Code...
LINK : fatal error LNK1104: cannot open file 'C:\Users\User\Documents\GitHub\Remade_3D_Project\packages\directxtk_desktop_2015.2017.9.22.1\build\native\../../build/native/lib/x64/Debug/DirectXTKAudioDX.lib'
