c:\users\user\documents\github\remade_3d_project\remade_3d_project\x64\debug\vc141.pdb
c:\users\user\documents\github\remade_3d_project\remade_3d_project\x64\debug\vc141.idb
c:\users\user\documents\github\remade_3d_project\remade_3d_project\x64\debug\playercameramanager.obj
c:\users\user\documents\github\remade_3d_project\remade_3d_project\x64\debug\deferredscreentarget.obj
c:\users\user\documents\github\remade_3d_project\remade_3d_project\x64\debug\deferredshadowshadergroup.obj
c:\users\user\documents\github\remade_3d_project\remade_3d_project\x64\debug\rendertexture.obj
c:\users\user\documents\github\remade_3d_project\remade_3d_project\x64\debug\shadowshadergroup.obj
c:\users\user\documents\github\remade_3d_project\remade_3d_project\x64\debug\singlecolorshadergroup.obj
c:\users\user\documents\github\remade_3d_project\remade_3d_project\x64\debug\deferredlightshadergroup.obj
c:\users\user\documents\github\remade_3d_project\remade_3d_project\x64\debug\input.obj
c:\users\user\documents\github\remade_3d_project\remade_3d_project\x64\debug\singlecolorobject.obj
c:\users\user\documents\github\remade_3d_project\remade_3d_project\x64\debug\shadermanager.obj
c:\users\user\documents\github\remade_3d_project\remade_3d_project\x64\debug\singlecolormodel.obj
c:\users\user\documents\github\remade_3d_project\remade_3d_project\x64\debug\direct3d.obj
c:\users\user\documents\github\remade_3d_project\remade_3d_project\x64\debug\game.obj
c:\users\user\documents\github\remade_3d_project\remade_3d_project\x64\debug\main.obj
c:\users\user\documents\github\remade_3d_project\remade_3d_project\x64\debug\model.obj
c:\users\user\documents\github\remade_3d_project\remade_3d_project\x64\debug\texture.obj
c:\users\user\documents\github\remade_3d_project\remade_3d_project\x64\debug\textureobject.obj
c:\users\user\documents\github\remade_3d_project\remade_3d_project\x64\debug\texturemodel.obj
c:\users\user\documents\github\remade_3d_project\remade_3d_project\x64\debug\textureshadergroup.obj
c:\users\user\documents\github\remade_3d_project\remade_3d_project\x64\debug\window.obj
c:\users\user\documents\github\remade_3d_project\remade_3d_project\x64\debug\deferredlightmultiplelightsshadergroup.obj
c:\users\user\documents\github\remade_3d_project\remade_3d_project\x64\debug\deferredlightsplitscreenshadergroup.obj
c:\users\user\documents\github\remade_3d_project\remade_3d_project\x64\debug\deferredtextureshadergroup.obj
c:\users\user\documents\github\remade_3d_project\remade_3d_project\x64\debug\hudobject.obj
c:\users\user\documents\github\remade_3d_project\remade_3d_project\x64\debug\buffers.obj
c:\users\user\documents\github\remade_3d_project\remade_3d_project\x64\debug\camera.obj
c:\users\user\documents\github\remade_3d_project\remade_3d_project\x64\debug\debugwindow.obj
c:\users\user\documents\github\remade_3d_project\remade_3d_project\x64\debug\deferredsinglecolorshadergroup.obj
c:\users\user\documents\github\remade_3d_project\remade_3d_project\x64\debug\depthshadergroup.obj
c:\users\user\documents\github\remade_3d_project\remade_3d_project\x64\debug\hudshadergroup.obj
c:\users\user\documents\github\remade_3d_project\remade_3d_project\x64\debug\object.obj
c:\users\user\documents\github\remade_3d_project\x64\debug\ps_depth.cso
c:\users\user\documents\github\remade_3d_project\x64\debug\ps_d_light.cso
c:\users\user\documents\github\remade_3d_project\x64\debug\ps_d_lightmultiplelights.cso
c:\users\user\documents\github\remade_3d_project\x64\debug\ps_d_lightsplitscreen.cso
c:\users\user\documents\github\remade_3d_project\x64\debug\ps_d_singlecolor.cso
c:\users\user\documents\github\remade_3d_project\x64\debug\ps_d_texture.cso
c:\users\user\documents\github\remade_3d_project\x64\debug\ps_hud.cso
c:\users\user\documents\github\remade_3d_project\x64\debug\ps_shadow.cso
c:\users\user\documents\github\remade_3d_project\x64\debug\ps_singlecolor.cso
c:\users\user\documents\github\remade_3d_project\x64\debug\ps_texture.cso
c:\users\user\documents\github\remade_3d_project\x64\debug\vs_depth.cso
c:\users\user\documents\github\remade_3d_project\x64\debug\vs_d_light.cso
c:\users\user\documents\github\remade_3d_project\x64\debug\vs_d_lightmultiplelights.cso
c:\users\user\documents\github\remade_3d_project\x64\debug\vs_d_lightsplitscreen.cso
c:\users\user\documents\github\remade_3d_project\x64\debug\vs_d_singlecolor.cso
c:\users\user\documents\github\remade_3d_project\x64\debug\vs_d_texture.cso
c:\users\user\documents\github\remade_3d_project\x64\debug\vs_hud.cso
c:\users\user\documents\github\remade_3d_project\x64\debug\vs_shadow.cso
c:\users\user\documents\github\remade_3d_project\x64\debug\vs_singlecolor.cso
c:\users\user\documents\github\remade_3d_project\x64\debug\vs_texture.cso
c:\users\user\documents\github\remade_3d_project\remade_3d_project\x64\debug\remade_3.6db6af1e.tlog\cl.command.1.tlog
c:\users\user\documents\github\remade_3d_project\remade_3d_project\x64\debug\remade_3.6db6af1e.tlog\cl.read.1.tlog
c:\users\user\documents\github\remade_3d_project\remade_3d_project\x64\debug\remade_3.6db6af1e.tlog\cl.write.1.tlog
c:\users\user\documents\github\remade_3d_project\remade_3d_project\x64\debug\remade_3.6db6af1e.tlog\fxc.command.1.tlog
c:\users\user\documents\github\remade_3d_project\remade_3d_project\x64\debug\remade_3.6db6af1e.tlog\fxc.read.1.tlog
c:\users\user\documents\github\remade_3d_project\remade_3d_project\x64\debug\remade_3.6db6af1e.tlog\fxc.write.1.tlog
c:\users\user\documents\github\remade_3d_project\remade_3d_project\x64\debug\remade_3.6db6af1e.tlog\link.command.1.tlog
c:\users\user\documents\github\remade_3d_project\remade_3d_project\x64\debug\remade_3.6db6af1e.tlog\link.read.1.tlog
c:\users\user\documents\github\remade_3d_project\remade_3d_project\x64\debug\remade_3.6db6af1e.tlog\link.write.1.tlog
c:\users\user\documents\github\remade_3d_project\remade_3d_project\x64\debug\remade_3.6db6af1e.tlog\remade_3d_project.write.1u.tlog
